Arguments: 
  C:\Program Files\nodejs\node.exe C:\Users\SHRI\AppData\Roaming\npm\node_modules\yarn\bin\yarn.js add react-native-gesture-handler@~2.1.0 react-native-async-storage/async-storage@~1.15.0 expo-video-thumbnails@~6.1.0 react-native-pager-view@5.4.9 react-native-safe-area-context@3.3.2 react-native-screens@~3.10.1

PATH: 
  C:\Users\SHRI\AppData\Roaming\npm;C:\Program Files (x86)\Common Files\Oracle\Java\javapath;C:\Program Files\Common Files\Oracle\Java\javapath;C:\Program Files\AdoptOpenJDK\jdk-8.0.272.10-hotspot\bin;C:\Windows\system32;C:\Windows;C:\Windows\System32\Wbem;C:\Windows\System32\WindowsPowerShell\v1.0\;C:\Windows\System32\OpenSSH\;C:\Program Files\Microsoft\Web Platform Installer\;C:\Program Files\Git\cmd;C:\ProgramData\chocolatey\bin;C:\xampp\php;C:\composer;C:\Program Files\Dart\dart-sdk\bin;C:\Program Files\Microsoft SQL Server\Client SDK\ODBC\170\Tools\Binn\;C:\Program Files (x86)\dotnet\;C:\Program Files\dotnet\;C:\Program Files\nodejs\;C:\Users\SHRI\AppData\Local\Programs\Python\Python310\Scripts\;C:\Users\SHRI\AppData\Local\Programs\Python\Python310\;C:\Users\SHRI\AppData\Local\Programs\Microsoft VS Code\bin;C:\Users\SHRI\.dotnet\tools;C:\Users\SHRI\AppData\Roaming\npm

Yarn version: 
  1.22.19

Node version: 
  16.17.0

Platform: 
  win32 x64

Trace: 
  Error: https://registry.npmjs.org/react-native-async-storage%2fasync-storage: Request "https://registry.npmjs.org/react-native-async-storage%2fasync-storage" returned a 405
      at Request.params.callback [as _callback] (C:\Users\SHRI\AppData\Roaming\npm\node_modules\yarn\lib\cli.js:66154:18)
      at Request.self.callback (C:\Users\SHRI\AppData\Roaming\npm\node_modules\yarn\lib\cli.js:140890:22)
      at Request.emit (node:events:513:28)
      at Request.<anonymous> (C:\Users\SHRI\AppData\Roaming\npm\node_modules\yarn\lib\cli.js:141862:10)
      at Request.emit (node:events:513:28)
      at IncomingMessage.<anonymous> (C:\Users\SHRI\AppData\Roaming\npm\node_modules\yarn\lib\cli.js:141784:12)
      at Object.onceWrapper (node:events:627:28)
      at IncomingMessage.emit (node:events:525:35)
      at endReadableNT (node:internal/streams/readable:1358:12)
      at processTicksAndRejections (node:internal/process/task_queues:83:21)

npm manifest: 
  {
    "name": "my-project-notify",
    "version": "1.0.0",
    "main": "node_modules/expo/AppEntry.js",
    "scripts": {
      "start": "expo start",
      "android": "expo start --android",
      "ios": "expo start --ios",
      "web": "expo start --web",
      "eject": "expo eject"
    },
    "dependencies": {
      "@expo/vector-icons": "^12.0.5",
      "@react-native-async-storage/async-storage": "^1.16.1",
      "@react-native-community/masked-view": "^0.1.11",
      "@react-navigation/drawer": "^6.3.1",
      "@react-navigation/material-bottom-tabs": "^6.1.1",
      "@react-navigation/material-top-tabs": "^6.1.1",
      "@react-navigation/native": "^6.0.8",
      "@react-navigation/native-stack": "^6.5.0",
      "expo": "~44.0.0",
      "expo-av": "^10.2.1",
      "expo-camera": "^12.1.2",
      "expo-constants": "^13.0.2",
      "expo-face-detector": "^11.1.3",
      "expo-font": "^10.0.5",
      "expo-image-picker": "^12.0.2",
      "expo-media-library": "^14.0.1",
      "expo-notifications": "^0.14.1",
      "expo-permissions": "^13.1.1",
      "expo-sharing": "^10.1.1",
      "expo-status-bar": "~1.2.0",
      "expo-updates": "~0.11.7",
      "expo-video-thumbnails": "^6.2.0",
      "firebase": "^9.6.6",
      "moment": "^2.29.1",
      "native-base": "^3.3.5",
      "react": "17.0.1",
      "react-dom": "17.0.1",
      "react-native": "0.64.3",
      "react-native-firebase": "^5.6.0",
      "react-native-gesture-bottom-sheet": "^1.1.0",
      "react-native-gesture-handler": "^2.2.0",
      "react-native-google-signin": "^2.1.1",
      "react-native-gradient-icon": "^0.1.2",
      "react-native-pager-view": "^5.4.11",
      "react-native-paper": "^4.11.2",
      "react-native-safe-area-context": "^3.3.2",
      "react-native-screens": "^3.10.2",
      "react-native-svg": "^12.1.1",
      "react-native-swipe-list-view": "^3.2.9",
      "react-native-tab-view": "^3.1.1",
      "react-native-vector-icons": "^9.1.0",
      "react-native-web": "0.17.1",
      "react-redux": "^7.2.6",
      "redux": "^4.1.2",
      "redux-persist": "^6.0.0",
      "redux-thunk": "^2.4.1",
      "styled-components": "^5.3.3",
      "uuid": "^8.3.2"
    },
    "devDependencies": {
      "@babel/core": "^7.12.9"
    },
    "private": true
  }

yarn manifest: 
  No manifest

Lockfile: 
  No lockfile
